生成启动时间为 2017/10/16 17:10:25。
     1>项目“D:\imooc\git\source\20171012\c-20171012067-3\2017101605BFS-and-Shortest-Path\2017101605BFS-and-Shortest-Path\2017101605BFS-and-Shortest-Path.vcxproj”在节点 2 上(Build 个目标)。
     1>ClCompile:
         D:\Program Files (x86)\Microsoft Visual Studio 12.0\VC\bin\CL.exe /c /ZI /nologo /W3 /WX- /sdl /Od /Oy- /D WIN32 /D _DEBUG /D _CONSOLE /D _LIB /D _UNICODE /D UNICODE /Gm /EHsc /RTC1 /MDd /GS /fp:precise /Zc:wchar_t /Zc:forScope /Fo"Debug\\" /Fd"Debug\vc120.pdb" /Gd /TP /analyze- /errorReport:prompt main.cpp
         main.cpp
     1>d:\imooc\git\source\20171012\c-20171012067-3\2017101605bfs-and-shortest-path\2017101605bfs-and-shortest-path\sparsegraph.h(57): warning C4018: “<”: 有符号/无符号不匹配
     1>d:\imooc\git\source\20171012\c-20171012067-3\2017101605bfs-and-shortest-path\2017101605bfs-and-shortest-path\sparsegraph.h(68): warning C4018: “<”: 有符号/无符号不匹配
     1>d:\imooc\git\source\20171012\c-20171012067-3\2017101605bfs-and-shortest-path\2017101605bfs-and-shortest-path\sparsegraph.h(103): warning C4018: “<”: 有符号/无符号不匹配
     1>d:\imooc\git\source\20171012\c-20171012067-3\2017101605bfs-and-shortest-path\2017101605bfs-and-shortest-path\sparsegraph.h(111): warning C4018: “>=”: 有符号/无符号不匹配
     1>d:\imooc\git\source\20171012\c-20171012067-3\2017101605bfs-and-shortest-path\2017101605bfs-and-shortest-path\path.h(99): warning C4018: “<”: 有符号/无符号不匹配
                 d:\imooc\git\source\20171012\c-20171012067-3\2017101605bfs-and-shortest-path\2017101605bfs-and-shortest-path\path.h(93): 编译类 模板 成员函数“void Path<SparseGraph>::showPath(int)”时
                 d:\imooc\git\source\20171012\c-20171012067-3\2017101605bfs-and-shortest-path\2017101605bfs-and-shortest-path\main.cpp(23): 参见对正在编译的函数 模板 实例化“void Path<SparseGraph>::showPath(int)”的引用
                 d:\imooc\git\source\20171012\c-20171012067-3\2017101605bfs-and-shortest-path\2017101605bfs-and-shortest-path\main.cpp(21): 参见对正在编译的类 模板 实例化“Path<SparseGraph>”的引用
     1>d:\imooc\git\source\20171012\c-20171012067-3\2017101605bfs-and-shortest-path\2017101605bfs-and-shortest-path\shortestpath.h(110): warning C4018: “<”: 有符号/无符号不匹配
                 d:\imooc\git\source\20171012\c-20171012067-3\2017101605bfs-and-shortest-path\2017101605bfs-and-shortest-path\shortestpath.h(104): 编译类 模板 成员函数“void ShortestPath<SparseGraph>::showPath(int)”时
                 d:\imooc\git\source\20171012\c-20171012067-3\2017101605bfs-and-shortest-path\2017101605bfs-and-shortest-path\main.cpp(27): 参见对正在编译的函数 模板 实例化“void ShortestPath<SparseGraph>::showPath(int)”的引用
                 d:\imooc\git\source\20171012\c-20171012067-3\2017101605bfs-and-shortest-path\2017101605bfs-and-shortest-path\main.cpp(25): 参见对正在编译的类 模板 实例化“ShortestPath<SparseGraph>”的引用
       Link:
         D:\Program Files (x86)\Microsoft Visual Studio 12.0\VC\bin\link.exe /ERRORREPORT:PROMPT /OUT:"D:\imooc\git\source\20171012\c-20171012067-3\2017101605BFS-and-Shortest-Path\Debug\2017101605BFS-and-Shortest-Path.exe" /INCREMENTAL /NOLOGO kernel32.lib user32.lib gdi32.lib winspool.lib comdlg32.lib advapi32.lib shell32.lib ole32.lib oleaut32.lib uuid.lib odbc32.lib odbccp32.lib /MANIFEST /MANIFESTUAC:"level='asInvoker' uiAccess='false'" /manifest:embed /DEBUG /PDB:"D:\imooc\git\source\20171012\c-20171012067-3\2017101605BFS-and-Shortest-Path\Debug\2017101605BFS-and-Shortest-Path.pdb" /SUBSYSTEM:CONSOLE /TLBID:1 /DYNAMICBASE /NXCOMPAT /IMPLIB:"D:\imooc\git\source\20171012\c-20171012067-3\2017101605BFS-and-Shortest-Path\Debug\2017101605BFS-and-Shortest-Path.lib" /MACHINE:X86 Debug\main.obj
         2017101605BFS-and-Shortest-Path.vcxproj -> D:\imooc\git\source\20171012\c-20171012067-3\2017101605BFS-and-Shortest-Path\Debug\2017101605BFS-and-Shortest-Path.exe
     1>已完成生成项目“D:\imooc\git\source\20171012\c-20171012067-3\2017101605BFS-and-Shortest-Path\2017101605BFS-and-Shortest-Path\2017101605BFS-and-Shortest-Path.vcxproj”(Build 个目标)的操作。

生成成功。

已用时间 00:00:01.12
