生成启动时间为 2019/5/26 星期日 上午 9:43:55。
     1>项目“D:\imooc\git\source\c-20171012067-3\Play-with-Algorithms-master\03-Sorting-Advance\Chapter-03-Completed-Code\Chapter-03-Completed-Code\Chapter-03-Completed-Code.vcxproj”在节点 2 上(Build 个目标)。
     1>ClCompile:
         C:\Program Files (x86)\Microsoft Visual Studio 12.0\VC\bin\CL.exe /c /ZI /nologo /W3 /WX- /sdl /Od /Oy- /D WIN32 /D _DEBUG /D _CONSOLE /D _LIB /D _UNICODE /D UNICODE /Gm /EHsc /RTC1 /MDd /GS /fp:precise /Zc:wchar_t /Zc:forScope /Fo"Debug\\" /Fd"Debug\vc120.pdb" /Gd /TP /analyze- /errorReport:prompt main.cpp
         main.cpp
     1>d:\imooc\git\source\c-20171012067-3\play-with-algorithms-master\03-sorting-advance\chapter-03-completed-code\chapter-03-completed-code\sorttesthelper.h(24): warning C4244: “参数”: 从“time_t”转换到“unsigned int”，可能丢失数据
     1>d:\imooc\git\source\c-20171012067-3\play-with-algorithms-master\03-sorting-advance\chapter-03-completed-code\chapter-03-completed-code\sorttesthelper.h(39): warning C4244: “参数”: 从“time_t”转换到“unsigned int”，可能丢失数据
     1>d:\imooc\git\source\c-20171012067-3\play-with-algorithms-master\03-sorting-advance\chapter-03-completed-code\chapter-03-completed-code\mergesortbuo.h(9): warning C4067: 预处理器指令后有意外标记 - 应输入换行符
     1>d:\imooc\git\source\c-20171012067-3\play-with-algorithms-master\03-sorting-advance\chapter-03-completed-code\chapter-03-completed-code\quicksort.h(53): warning C4244: “参数”: 从“time_t”转换到“unsigned int”，可能丢失数据
                 d:\imooc\git\source\c-20171012067-3\play-with-algorithms-master\03-sorting-advance\chapter-03-completed-code\chapter-03-completed-code\main.cpp(35): 参见对正在编译的函数 模板 实例化“void quickSort<T>(T [],int)”的引用
                 with
                 [
                     T=int
                 ]
     1>d:\imooc\git\source\c-20171012067-3\play-with-algorithms-master\03-sorting-advance\chapter-03-completed-code\chapter-03-completed-code\quicksort2ways.h(71): warning C4244: “参数”: 从“time_t”转换到“unsigned int”，可能丢失数据
                 d:\imooc\git\source\c-20171012067-3\play-with-algorithms-master\03-sorting-advance\chapter-03-completed-code\chapter-03-completed-code\main.cpp(36): 参见对正在编译的函数 模板 实例化“void quickSort2Ways<T>(T [],int)”的引用
                 with
                 [
                     T=int
                 ]
     1>d:\imooc\git\source\c-20171012067-3\play-with-algorithms-master\03-sorting-advance\chapter-03-completed-code\chapter-03-completed-code\quicksort3ways.h(56): warning C4244: “参数”: 从“time_t”转换到“unsigned int”，可能丢失数据
                 d:\imooc\git\source\c-20171012067-3\play-with-algorithms-master\03-sorting-advance\chapter-03-completed-code\chapter-03-completed-code\main.cpp(37): 参见对正在编译的函数 模板 实例化“void quickSort3Ways<T>(T [],int)”的引用
                 with
                 [
                     T=int
                 ]
       Link:
         C:\Program Files (x86)\Microsoft Visual Studio 12.0\VC\bin\link.exe /ERRORREPORT:PROMPT /OUT:"D:\imooc\git\source\c-20171012067-3\Play-with-Algorithms-master\03-Sorting-Advance\Chapter-03-Completed-Code\Debug\Chapter-03-Completed-Code.exe" /INCREMENTAL /NOLOGO kernel32.lib user32.lib gdi32.lib winspool.lib comdlg32.lib advapi32.lib shell32.lib ole32.lib oleaut32.lib uuid.lib odbc32.lib odbccp32.lib /MANIFEST /MANIFESTUAC:"level='asInvoker' uiAccess='false'" /manifest:embed /DEBUG /PDB:"D:\imooc\git\source\c-20171012067-3\Play-with-Algorithms-master\03-Sorting-Advance\Chapter-03-Completed-Code\Debug\Chapter-03-Completed-Code.pdb" /SUBSYSTEM:CONSOLE /TLBID:1 /DYNAMICBASE /NXCOMPAT /IMPLIB:"D:\imooc\git\source\c-20171012067-3\Play-with-Algorithms-master\03-Sorting-Advance\Chapter-03-Completed-Code\Debug\Chapter-03-Completed-Code.lib" /MACHINE:X86 Debug\main.obj
         LINK : 没有找到 D:\imooc\git\source\c-20171012067-3\Play-with-Algorithms-master\03-Sorting-Advance\Chapter-03-Completed-Code\Debug\Chapter-03-Completed-Code.exe 或上一个增量链接没有生成它；正在执行完全链接
         Chapter-03-Completed-Code.vcxproj -> D:\imooc\git\source\c-20171012067-3\Play-with-Algorithms-master\03-Sorting-Advance\Chapter-03-Completed-Code\Debug\Chapter-03-Completed-Code.exe
     1>已完成生成项目“D:\imooc\git\source\c-20171012067-3\Play-with-Algorithms-master\03-Sorting-Advance\Chapter-03-Completed-Code\Chapter-03-Completed-Code\Chapter-03-Completed-Code.vcxproj”(Build 个目标)的操作。

生成成功。

已用时间 00:00:02.11
