生成启动时间为 2019/6/21 星期五 下午 12:04:14。
     1>项目“D:\imooc\git\source\c-20171012067-3\Play-with-Algorithms-master\07-Graph-Basics\Chapter-07-Completed-Code\Chapter-07-Completed-Code\Chapter-07-Completed-Code.vcxproj”在节点 2 上(Rebuild 个目标)。
     1>ClCompile:
         C:\Program Files (x86)\Microsoft Visual Studio 12.0\VC\bin\CL.exe /c /ZI /nologo /W3 /WX- /sdl /Od /Oy- /D WIN32 /D _DEBUG /D _CONSOLE /D _LIB /D _UNICODE /D UNICODE /Gm /EHsc /RTC1 /MDd /GS /fp:precise /Zc:wchar_t /Zc:forScope /Fo"Debug\\" /Fd"Debug\vc120.pdb" /Gd /TP /analyze- /errorReport:prompt main.cpp
         main.cpp
     1>d:\imooc\git\source\c-20171012067-3\play-with-algorithms-master\07-graph-basics\chapter-07-completed-code\chapter-07-completed-code\sparsegraph.h(57): warning C4018: “<”: 有符号/无符号不匹配
     1>d:\imooc\git\source\c-20171012067-3\play-with-algorithms-master\07-graph-basics\chapter-07-completed-code\chapter-07-completed-code\sparsegraph.h(68): warning C4018: “<”: 有符号/无符号不匹配
     1>d:\imooc\git\source\c-20171012067-3\play-with-algorithms-master\07-graph-basics\chapter-07-completed-code\chapter-07-completed-code\sparsegraph.h(103): warning C4018: “<”: 有符号/无符号不匹配
     1>d:\imooc\git\source\c-20171012067-3\play-with-algorithms-master\07-graph-basics\chapter-07-completed-code\chapter-07-completed-code\sparsegraph.h(111): warning C4018: “>=”: 有符号/无符号不匹配
     1>d:\imooc\git\source\c-20171012067-3\play-with-algorithms-master\07-graph-basics\chapter-07-completed-code\chapter-07-completed-code\path.h(99): warning C4018: “<”: 有符号/无符号不匹配
                 d:\imooc\git\source\c-20171012067-3\play-with-algorithms-master\07-graph-basics\chapter-07-completed-code\chapter-07-completed-code\path.h(93): 编译类 模板 成员函数“void Path<SparseGraph>::showPath(int)”时
                 d:\imooc\git\source\c-20171012067-3\play-with-algorithms-master\07-graph-basics\chapter-07-completed-code\chapter-07-completed-code\main.cpp(23): 参见对正在编译的函数 模板 实例化“void Path<SparseGraph>::showPath(int)”的引用
                 d:\imooc\git\source\c-20171012067-3\play-with-algorithms-master\07-graph-basics\chapter-07-completed-code\chapter-07-completed-code\main.cpp(21): 参见对正在编译的类 模板 实例化“Path<SparseGraph>”的引用
     1>d:\imooc\git\source\c-20171012067-3\play-with-algorithms-master\07-graph-basics\chapter-07-completed-code\chapter-07-completed-code\shortestpath.h(110): warning C4018: “<”: 有符号/无符号不匹配
                 d:\imooc\git\source\c-20171012067-3\play-with-algorithms-master\07-graph-basics\chapter-07-completed-code\chapter-07-completed-code\shortestpath.h(104): 编译类 模板 成员函数“void ShortestPath<SparseGraph>::showPath(int)”时
                 d:\imooc\git\source\c-20171012067-3\play-with-algorithms-master\07-graph-basics\chapter-07-completed-code\chapter-07-completed-code\main.cpp(27): 参见对正在编译的函数 模板 实例化“void ShortestPath<SparseGraph>::showPath(int)”的引用
                 d:\imooc\git\source\c-20171012067-3\play-with-algorithms-master\07-graph-basics\chapter-07-completed-code\chapter-07-completed-code\main.cpp(25): 参见对正在编译的类 模板 实例化“ShortestPath<SparseGraph>”的引用
       Link:
         C:\Program Files (x86)\Microsoft Visual Studio 12.0\VC\bin\link.exe /ERRORREPORT:PROMPT /OUT:"D:\imooc\git\source\c-20171012067-3\Play-with-Algorithms-master\07-Graph-Basics\Chapter-07-Completed-Code\Debug\Chapter-07-Completed-Code.exe" /INCREMENTAL /NOLOGO kernel32.lib user32.lib gdi32.lib winspool.lib comdlg32.lib advapi32.lib shell32.lib ole32.lib oleaut32.lib uuid.lib odbc32.lib odbccp32.lib /MANIFEST /MANIFESTUAC:"level='asInvoker' uiAccess='false'" /manifest:embed /DEBUG /PDB:"D:\imooc\git\source\c-20171012067-3\Play-with-Algorithms-master\07-Graph-Basics\Chapter-07-Completed-Code\Debug\Chapter-07-Completed-Code.pdb" /SUBSYSTEM:CONSOLE /TLBID:1 /DYNAMICBASE /NXCOMPAT /IMPLIB:"D:\imooc\git\source\c-20171012067-3\Play-with-Algorithms-master\07-Graph-Basics\Chapter-07-Completed-Code\Debug\Chapter-07-Completed-Code.lib" /MACHINE:X86 Debug\main.obj
         Chapter-07-Completed-Code.vcxproj -> D:\imooc\git\source\c-20171012067-3\Play-with-Algorithms-master\07-Graph-Basics\Chapter-07-Completed-Code\Debug\Chapter-07-Completed-Code.exe
     1>已完成生成项目“D:\imooc\git\source\c-20171012067-3\Play-with-Algorithms-master\07-Graph-Basics\Chapter-07-Completed-Code\Chapter-07-Completed-Code\Chapter-07-Completed-Code.vcxproj”(Rebuild 个目标)的操作。

生成成功。

已用时间 00:00:01.46
