生成启动时间为 2019/6/26 星期三 上午 11:26:00。
     1>项目“D:\imooc\git\source\c-20171012067-3\Play-with-Algorithms-master\09-Shortest-Path\Chapter-09-Completed-Code\Chapter-09-Completed-Code\Chapter-09-Completed-Code.vcxproj”在节点 2 上(Build 个目标)。
     1>ClCompile:
         C:\Program Files (x86)\Microsoft Visual Studio 12.0\VC\bin\CL.exe /c /ZI /nologo /W3 /WX- /sdl /Od /Oy- /D WIN32 /D _DEBUG /D _CONSOLE /D _LIB /D _UNICODE /D UNICODE /Gm /EHsc /RTC1 /MDd /GS /fp:precise /Zc:wchar_t /Zc:forScope /Fo"Debug\\" /Fd"Debug\vc120.pdb" /Gd /TP /analyze- /errorReport:prompt main.cpp
         main.cpp
     1>d:\imooc\git\source\c-20171012067-3\play-with-algorithms-master\09-shortest-path\chapter-09-completed-code\chapter-09-completed-code\sparsegraph.h(38): warning C4018: “<”: 有符号/无符号不匹配
                 d:\imooc\git\source\c-20171012067-3\play-with-algorithms-master\09-shortest-path\chapter-09-completed-code\chapter-09-completed-code\sparsegraph.h(36): 编译类 模板 成员函数“SparseGraph<int>::~SparseGraph(void)”时
                 d:\imooc\git\source\c-20171012067-3\play-with-algorithms-master\09-shortest-path\chapter-09-completed-code\chapter-09-completed-code\main.cpp(16): 参见对正在编译的函数 模板 实例化“SparseGraph<int>::~SparseGraph(void)”的引用
                 d:\imooc\git\source\c-20171012067-3\play-with-algorithms-master\09-shortest-path\chapter-09-completed-code\chapter-09-completed-code\main.cpp(16): 参见对正在编译的类 模板 实例化“SparseGraph<int>”的引用
     1>d:\imooc\git\source\c-20171012067-3\play-with-algorithms-master\09-shortest-path\chapter-09-completed-code\chapter-09-completed-code\bellmanford.h(135): warning C4018: “<”: 有符号/无符号不匹配
                 d:\imooc\git\source\c-20171012067-3\play-with-algorithms-master\09-shortest-path\chapter-09-completed-code\chapter-09-completed-code\bellmanford.h(127): 编译类 模板 成员函数“void BellmanFord<SparseGraph<int>,int>::showPath(int)”时
                 d:\imooc\git\source\c-20171012067-3\play-with-algorithms-master\09-shortest-path\chapter-09-completed-code\chapter-09-completed-code\main.cpp(27): 参见对正在编译的函数 模板 实例化“void BellmanFord<SparseGraph<int>,int>::showPath(int)”的引用
                 d:\imooc\git\source\c-20171012067-3\play-with-algorithms-master\09-shortest-path\chapter-09-completed-code\chapter-09-completed-code\main.cpp(20): 参见对正在编译的类 模板 实例化“BellmanFord<SparseGraph<int>,int>”的引用
     1>d:\imooc\git\source\c-20171012067-3\play-with-algorithms-master\09-shortest-path\chapter-09-completed-code\chapter-09-completed-code\sparsegraph.h(109): warning C4018: “<”: 有符号/无符号不匹配
                 d:\imooc\git\source\c-20171012067-3\play-with-algorithms-master\09-shortest-path\chapter-09-completed-code\chapter-09-completed-code\sparsegraph.h(107): 编译类 模板 成员函数“Edge<Weight> *SparseGraph<Weight>::adjIterator::next(void)”时
                 with
                 [
                     Weight=int
                 ]
                 d:\imooc\git\source\c-20171012067-3\play-with-algorithms-master\09-shortest-path\chapter-09-completed-code\chapter-09-completed-code\bellmanford.h(62): 参见对正在编译的函数 模板 实例化“Edge<Weight> *SparseGraph<Weight>::adjIterator::next(void)”的引用
                 with
                 [
                     Weight=int
                 ]
                 d:\imooc\git\source\c-20171012067-3\play-with-algorithms-master\09-shortest-path\chapter-09-completed-code\chapter-09-completed-code\bellmanford.h(61): 参见对正在编译的类 模板 实例化“SparseGraph<int>::adjIterator”的引用
                 d:\imooc\git\source\c-20171012067-3\play-with-algorithms-master\09-shortest-path\chapter-09-completed-code\chapter-09-completed-code\bellmanford.h(41): 编译类 模板 成员函数“BellmanFord<SparseGraph<int>,int>::BellmanFord(Graph &,int)”时
                 with
                 [
                     Graph=SparseGraph<int>
                 ]
                 d:\imooc\git\source\c-20171012067-3\play-with-algorithms-master\09-shortest-path\chapter-09-completed-code\chapter-09-completed-code\main.cpp(20): 参见对正在编译的函数 模板 实例化“BellmanFord<SparseGraph<int>,int>::BellmanFord(Graph &,int)”的引用
                 with
                 [
                     Graph=SparseGraph<int>
                 ]
     1>d:\imooc\git\source\c-20171012067-3\play-with-algorithms-master\09-shortest-path\chapter-09-completed-code\chapter-09-completed-code\sparsegraph.h(116): warning C4018: “>=”: 有符号/无符号不匹配
                 d:\imooc\git\source\c-20171012067-3\play-with-algorithms-master\09-shortest-path\chapter-09-completed-code\chapter-09-completed-code\sparsegraph.h(115): 编译类 模板 成员函数“bool SparseGraph<int>::adjIterator::end(void)”时
                 d:\imooc\git\source\c-20171012067-3\play-with-algorithms-master\09-shortest-path\chapter-09-completed-code\chapter-09-completed-code\bellmanford.h(62): 参见对正在编译的函数 模板 实例化“bool SparseGraph<int>::adjIterator::end(void)”的引用
       Link:
         C:\Program Files (x86)\Microsoft Visual Studio 12.0\VC\bin\link.exe /ERRORREPORT:PROMPT /OUT:"D:\imooc\git\source\c-20171012067-3\Play-with-Algorithms-master\09-Shortest-Path\Chapter-09-Completed-Code\Debug\Chapter-09-Completed-Code.exe" /INCREMENTAL /NOLOGO kernel32.lib user32.lib gdi32.lib winspool.lib comdlg32.lib advapi32.lib shell32.lib ole32.lib oleaut32.lib uuid.lib odbc32.lib odbccp32.lib /MANIFEST /MANIFESTUAC:"level='asInvoker' uiAccess='false'" /manifest:embed /DEBUG /PDB:"D:\imooc\git\source\c-20171012067-3\Play-with-Algorithms-master\09-Shortest-Path\Chapter-09-Completed-Code\Debug\Chapter-09-Completed-Code.pdb" /SUBSYSTEM:CONSOLE /TLBID:1 /DYNAMICBASE /NXCOMPAT /IMPLIB:"D:\imooc\git\source\c-20171012067-3\Play-with-Algorithms-master\09-Shortest-Path\Chapter-09-Completed-Code\Debug\Chapter-09-Completed-Code.lib" /MACHINE:X86 Debug\main.obj
         LINK : 没有找到 D:\imooc\git\source\c-20171012067-3\Play-with-Algorithms-master\09-Shortest-Path\Chapter-09-Completed-Code\Debug\Chapter-09-Completed-Code.exe 或上一个增量链接没有生成它；正在执行完全链接
         Chapter-09-Completed-Code.vcxproj -> D:\imooc\git\source\c-20171012067-3\Play-with-Algorithms-master\09-Shortest-Path\Chapter-09-Completed-Code\Debug\Chapter-09-Completed-Code.exe
     1>已完成生成项目“D:\imooc\git\source\c-20171012067-3\Play-with-Algorithms-master\09-Shortest-Path\Chapter-09-Completed-Code\Chapter-09-Completed-Code\Chapter-09-Completed-Code.vcxproj”(Build 个目标)的操作。

生成成功。

已用时间 00:00:01.67
